# JRE version: OpenJDK Runtime Environment Temurin-11.0.12+7 (11.0.12+7) (build 11.0.12+7)
# Java VM: OpenJDK 64-Bit Server VM Temurin-11.0.12+7 (11.0.12+7, mixed mode, tiered, compressed oops, g1 gc, windows-amd64)
Heap:
 garbage-first heap   total 565248K, used 120657K [0x0000000082000000, 0x0000000100000000)
  region size 1024K, 8 young (8192K), 8 survivors (8192K)
 Metaspace       used 22917K, capacity 23603K, committed 23936K, reserved 1071104K
  class space    used 2362K, capacity 2597K, committed 2688K, reserved 1048576K
GC Heap History (20 events):
Event: 5.788 GC heap after
{Heap after GC invocations=9 (full 0):
 garbage-first heap   total 155648K, used 37773K [0x0000000082000000, 0x0000000100000000)
  region size 1024K, 8 young (8192K), 8 survivors (8192K)
 Metaspace       used 21076K, capacity 21373K, committed 21504K, reserved 1069056K
  class space    used 2126K, capacity 2282K, committed 2304K, reserved 1048576K
}
Event: 6.316 GC heap before
{Heap before GC invocations=9 (full 0):
 garbage-first heap   total 155648K, used 96141K [0x0000000082000000, 0x0000000100000000)
  region size 1024K, 65 young (66560K), 8 survivors (8192K)
 Metaspace       used 21433K, capacity 21730K, committed 21760K, reserved 1069056K
  class space    used 2163K, capacity 2294K, committed 2304K, reserved 1048576K
}
Event: 6.341 GC heap after
{Heap after GC invocations=10 (full 0):
 garbage-first heap   total 155648K, used 43891K [0x0000000082000000, 0x0000000100000000)
  region size 1024K, 6 young (6144K), 6 survivors (6144K)
 Metaspace       used 21433K, capacity 21730K, committed 21760K, reserved 1069056K
  class space    used 2163K, capacity 2294K, committed 2304K, reserved 1048576K
}
Event: 6.461 GC heap before
{Heap before GC invocations=10 (full 0):
 garbage-first heap   total 155648K, used 103283K [0x0000000082000000, 0x0000000100000000)
  region size 1024K, 64 young (65536K), 6 survivors (6144K)
 Metaspace       used 21443K, capacity 21730K, committed 21760K, reserved 1069056K
  class space    used 2163K, capacity 2294K, committed 2304K, reserved 1048576K
}
Event: 6.484 GC heap after
{Heap after GC invocations=11 (full 0):
 garbage-first heap   total 204800K, used 47104K [0x0000000082000000, 0x0000000100000000)
  region size 1024K, 3 young (3072K), 3 survivors (3072K)
 Metaspace       used 21443K, capacity 21730K, committed 21760K, reserved 1069056K
  class space    used 2163K, capacity 2294K, committed 2304K, reserved 1048576K
}
Event: 6.767 GC heap before
{Heap before GC invocations=11 (full 0):
 garbage-first heap   total 204800K, used 122880K [0x0000000082000000, 0x0000000100000000)
  region size 1024K, 76 young (77824K), 3 survivors (3072K)
 Metaspace       used 21545K, capacity 21899K, committed 22144K, reserved 1069056K
  class space    used 2175K, capacity 2329K, committed 2432K, reserved 1048576K
}
Event: 6.783 GC heap after
{Heap after GC invocations=12 (full 0):
 garbage-first heap   total 204800K, used 53248K [0x0000000082000000, 0x0000000100000000)
  region size 1024K, 8 young (8192K), 8 survivors (8192K)
 Metaspace       used 21545K, capacity 21899K, committed 22144K, reserved 1069056K
  class space    used 2175K, capacity 2329K, committed 2432K, reserved 1048576K
}
Event: 6.882 GC heap before
{Heap before GC invocations=12 (full 0):
 garbage-first heap   total 204800K, used 135168K [0x0000000082000000, 0x0000000100000000)
  region size 1024K, 88 young (90112K), 8 survivors (8192K)
 Metaspace       used 21566K, capacity 21899K, committed 22144K, reserved 1069056K
  class space    used 2175K, capacity 2329K, committed 2432K, reserved 1048576K
}
Event: 6.909 GC heap after
{Heap after GC invocations=13 (full 0):
 garbage-first heap   total 204800K, used 58085K [0x0000000082000000, 0x0000000100000000)
  region size 1024K, 10 young (10240K), 10 survivors (10240K)
 Metaspace       used 21566K, capacity 21899K, committed 22144K, reserved 1069056K
  class space    used 2175K, capacity 2329K, committed 2432K, reserved 1048576K
}
Event: 7.012 GC heap before
{Heap before GC invocations=13 (full 0):
 garbage-first heap   total 204800K, used 146149K [0x0000000082000000, 0x0000000100000000)
  region size 1024K, 94 young (96256K), 10 survivors (10240K)
 Metaspace       used 21569K, capacity 21899K, committed 22144K, reserved 1069056K
  class space    used 2175K, capacity 2329K, committed 2432K, reserved 1048576K
}
Event: 7.039 GC heap after
{Heap after GC invocations=14 (full 0):
 garbage-first heap   total 204800K, used 64597K [0x0000000082000000, 0x0000000100000000)
  region size 1024K, 9 young (9216K), 9 survivors (9216K)
 Metaspace       used 21569K, capacity 21899K, committed 22144K, reserved 1069056K
  class space    used 2175K, capacity 2329K, committed 2432K, reserved 1048576K
}
Event: 7.256 GC heap before
{Heap before GC invocations=14 (full 0):
 garbage-first heap   total 204800K, used 153685K [0x0000000082000000, 0x0000000100000000)
  region size 1024K, 96 young (98304K), 9 survivors (9216K)
 Metaspace       used 21583K, capacity 21963K, committed 22144K, reserved 1069056K
  class space    used 2175K, capacity 2329K, committed 2432K, reserved 1048576K
}
Event: 7.290 GC heap after
{Heap after GC invocations=15 (full 0):
 garbage-first heap   total 276480K, used 70723K [0x0000000082000000, 0x0000000100000000)
  region size 1024K, 11 young (11264K), 11 survivors (11264K)
 Metaspace       used 21583K, capacity 21963K, committed 22144K, reserved 1069056K
  class space    used 2175K, capacity 2329K, committed 2432K, reserved 1048576K
}
Event: 7.561 GC heap before
{Heap before GC invocations=15 (full 0):
 garbage-first heap   total 276480K, used 193603K [0x0000000082000000, 0x0000000100000000)
  region size 1024K, 131 young (134144K), 11 survivors (11264K)
 Metaspace       used 21588K, capacity 21963K, committed 22144K, reserved 1069056K
  class space    used 2175K, capacity 2329K, committed 2432K, reserved 1048576K
}
Event: 7.596 GC heap after
{Heap after GC invocations=16 (full 0):
 garbage-first heap   total 276480K, used 76075K [0x0000000082000000, 0x0000000100000000)
  region size 1024K, 12 young (12288K), 12 survivors (12288K)
 Metaspace       used 21588K, capacity 21963K, committed 22144K, reserved 1069056K
  class space    used 2175K, capacity 2329K, committed 2432K, reserved 1048576K
}
Event: 8.356 GC heap before
{Heap before GC invocations=16 (full 0):
 garbage-first heap   total 276480K, used 217387K [0x0000000082000000, 0x0000000100000000)
  region size 1024K, 148 young (151552K), 12 survivors (12288K)
 Metaspace       used 21648K, capacity 22030K, committed 22144K, reserved 1069056K
  class space    used 2178K, capacity 2330K, committed 2432K, reserved 1048576K
}
Event: 8.403 GC heap after
{Heap after GC invocations=17 (full 0):
 garbage-first heap   total 276480K, used 88864K [0x0000000082000000, 0x0000000100000000)
  region size 1024K, 15 young (15360K), 15 survivors (15360K)
 Metaspace       used 21648K, capacity 22030K, committed 22144K, reserved 1069056K
  class space    used 2178K, capacity 2330K, committed 2432K, reserved 1048576K
}
Event: 9.972 GC heap before
{Heap before GC invocations=17 (full 0):
 garbage-first heap   total 276480K, used 237344K [0x0000000082000000, 0x0000000100000000)
  region size 1024K, 144 young (147456K), 15 survivors (15360K)
 Metaspace       used 22667K, capacity 23332K, committed 23680K, reserved 1071104K
  class space    used 2340K, capacity 2592K, committed 2688K, reserved 1048576K
}
Event: 10.031 GC heap after
{Heap after GC invocations=18 (full 0):
 garbage-first heap   total 276480K, used 105741K [0x0000000082000000, 0x0000000100000000)
  region size 1024K, 18 young (18432K), 18 survivors (18432K)
 Metaspace       used 22667K, capacity 23332K, committed 23680K, reserved 1071104K
  class space    used 2340K, capacity 2592K, committed 2688K, reserved 1048576K
}
Event: 11.181 GC heap before
{Heap before GC invocations=18 (full 0):
 garbage-first heap   total 276480K, used 254221K [0x0000000082000000, 0x0000000100000000)
  region size 1024K, 131 young (134144K), 18 survivors (18432K)
 Metaspace       used 22917K, capacity 23603K, committed 23936K, reserved 1071104K
  class space    used 2362K, capacity 2597K, committed 2688K, reserved 1048576K
}

